<?xml version="1.0" encoding="UTF-8"?>
<!-- Generated by org.testng.reporters.JUnitXMLReporter -->
<testsuite hostname="RESIDENCE" ignored="0" name="Default test" tests="3" failures="0" timestamp="12 Jun 2019 06:12:43 GMT" time="61.235" errors="0">
  <testcase name="verifyHomePageTitleTest" time="0.038" classname="com.sat.qa.tests.HomePageTest"/>
  <testcase name="verifyUserNameTest" time="0.083" classname="com.sat.qa.tests.HomePageTest"/>
  <testcase name="verifyHomeAppliancesLinkTest" time="6.32" classname="com.sat.qa.tests.HomePageTest"/>
</testsuite> <!-- Default test -->
