<?xml version="1.0" encoding="UTF-8"?>
<!-- Generated by org.testng.reporters.JUnitXMLReporter -->
<testsuite hostname="RESIDENCE" ignored="0" name="POM Test" tests="6" failures="0" timestamp="16 May 2019 06:13:24 GMT" time="98.411" errors="0">
  <testcase name="loginPageTitleTest" time="0.026" classname="com.sat.qa.tests.LoginPageTest"/>
  <testcase name="verifyHomePageTitleTest" time="0.021" classname="com.sat.qa.tests.HomePageTest"/>
  <testcase name="logoImageTest" time="0.086" classname="com.sat.qa.tests.LoginPageTest"/>
  <testcase name="verifyUserNameTest" time="0.051" classname="com.sat.qa.tests.HomePageTest"/>
  <testcase name="loginTest" time="2.123" classname="com.sat.qa.tests.LoginPageTest"/>
  <testcase name="verifyHomeAppliancesLinkTest" time="1.773" classname="com.sat.qa.tests.HomePageTest"/>
</testsuite> <!-- POM Test -->
